# JRE version: OpenJDK Runtime Environment (21.0.5) (build 21.0.5+-13047016-b750.29)
# Java VM: OpenJDK 64-Bit Server VM (21.0.5+-13047016-b750.29, mixed mode, tiered, compressed oops, compressed class ptrs, g1 gc, windows-amd64)
GC Precious Log:
 CardTable entry size: 512
 Card Set container configuration: InlinePtr #cards 5 size 8 Array Of Cards #cards 12 size 40 Howl #buckets 4 coarsen threshold 1843 Howl Bitmap #cards 512 size 80 coarsen threshold 460 Card regions per heap region 1 cards per card region 2048
 CPUs: 12 total, 12 available
 Memory: 16181M
 Large Page Support: Disabled
 NUMA Support: Disabled
 Compressed Oops: Enabled (32-bit)
 Heap Region Size: 1M
 Heap Min Capacity: 8M
 Heap Initial Capacity: 254M
 Heap Max Capacity: 2G
 Pre-touch: Disabled
 Parallel Workers: 10
 Concurrent Workers: 3
 Concurrent Refinement Workers: 10
 Periodic GC: Disabled
Heap:
 garbage-first heap   total 448512K, used 204798K [0x0000000080000000, 0x0000000100000000)
  region size 1024K, 50 young (51200K), 19 survivors (19456K)
 Metaspace       used 144471K, committed 145792K, reserved 1179648K
  class space    used 18472K, committed 19136K, reserved 1048576K
GC Heap History (20 events):
Event: 9.550 GC heap before
{Heap before GC invocations=41 (full 0):
 garbage-first heap   total 242688K, used 201057K [0x0000000080000000, 0x0000000100000000)
  region size 1024K, 61 young (62464K), 5 survivors (5120K)
 Metaspace       used 119341K, committed 121600K, reserved 1179648K
  class space    used 16185K, committed 17344K, reserved 1048576K
}
Event: 9.554 GC heap after
{Heap after GC invocations=42 (full 0):
 garbage-first heap   total 242688K, used 146291K [0x0000000080000000, 0x0000000100000000)
  region size 1024K, 6 young (6144K), 6 survivors (6144K)
 Metaspace       used 119341K, committed 121600K, reserved 1179648K
  class space    used 16185K, committed 17344K, reserved 1048576K
}
Event: 9.694 GC heap before
{Heap before GC invocations=42 (full 0):
 garbage-first heap   total 242688K, used 214899K [0x0000000080000000, 0x0000000100000000)
  region size 1024K, 74 young (75776K), 6 survivors (6144K)
 Metaspace       used 119830K, committed 122112K, reserved 1179648K
  class space    used 16226K, committed 17408K, reserved 1048576K
}
Event: 9.699 GC heap after
{Heap after GC invocations=43 (full 0):
 garbage-first heap   total 337920K, used 146954K [0x0000000080000000, 0x0000000100000000)
  region size 1024K, 8 young (8192K), 8 survivors (8192K)
 Metaspace       used 119830K, committed 122112K, reserved 1179648K
  class space    used 16226K, committed 17408K, reserved 1048576K
}
Event: 11.415 GC heap before
{Heap before GC invocations=43 (full 0):
 garbage-first heap   total 365568K, used 355850K [0x0000000080000000, 0x0000000100000000)
  region size 1024K, 157 young (160768K), 8 survivors (8192K)
 Metaspace       used 123252K, committed 125568K, reserved 1179648K
  class space    used 16637K, committed 17792K, reserved 1048576K
}
Event: 11.424 GC heap after
{Heap after GC invocations=44 (full 0):
 garbage-first heap   total 374784K, used 155587K [0x0000000080000000, 0x0000000100000000)
  region size 1024K, 17 young (17408K), 17 survivors (17408K)
 Metaspace       used 123252K, committed 125568K, reserved 1179648K
  class space    used 16637K, committed 17792K, reserved 1048576K
}
Event: 11.433 GC heap before
{Heap before GC invocations=44 (full 0):
 garbage-first heap   total 374784K, used 156611K [0x0000000080000000, 0x0000000100000000)
  region size 1024K, 19 young (19456K), 17 survivors (17408K)
 Metaspace       used 123384K, committed 125696K, reserved 1179648K
  class space    used 16657K, committed 17792K, reserved 1048576K
}
Event: 11.440 GC heap after
{Heap after GC invocations=45 (full 0):
 garbage-first heap   total 374784K, used 155620K [0x0000000080000000, 0x0000000100000000)
  region size 1024K, 11 young (11264K), 11 survivors (11264K)
 Metaspace       used 123384K, committed 125696K, reserved 1179648K
  class space    used 16657K, committed 17792K, reserved 1048576K
}
Event: 443.612 GC heap before
{Heap before GC invocations=46 (full 0):
 garbage-first heap   total 374784K, used 353252K [0x0000000080000000, 0x0000000100000000)
  region size 1024K, 188 young (192512K), 11 survivors (11264K)
 Metaspace       used 125244K, committed 127616K, reserved 1179648K
  class space    used 16849K, committed 18048K, reserved 1048576K
}
Event: 443.632 GC heap after
{Heap after GC invocations=47 (full 0):
 garbage-first heap   total 398336K, used 174399K [0x0000000080000000, 0x0000000100000000)
  region size 1024K, 24 young (24576K), 24 survivors (24576K)
 Metaspace       used 125244K, committed 127616K, reserved 1179648K
  class space    used 16849K, committed 18048K, reserved 1048576K
}
Event: 2623.884 GC heap before
{Heap before GC invocations=47 (full 0):
 garbage-first heap   total 398336K, used 393535K [0x0000000080000000, 0x0000000100000000)
  region size 1024K, 185 young (189440K), 24 survivors (24576K)
 Metaspace       used 125844K, committed 128128K, reserved 1179648K
  class space    used 16853K, committed 18048K, reserved 1048576K
}
Event: 2623.896 GC heap after
{Heap after GC invocations=48 (full 0):
 garbage-first heap   total 425984K, used 175104K [0x0000000080000000, 0x0000000100000000)
  region size 1024K, 8 young (8192K), 8 survivors (8192K)
 Metaspace       used 125844K, committed 128128K, reserved 1179648K
  class space    used 16853K, committed 18048K, reserved 1048576K
}
Event: 3544.249 GC heap before
{Heap before GC invocations=48 (full 0):
 garbage-first heap   total 425984K, used 292864K [0x0000000080000000, 0x0000000100000000)
  region size 1024K, 125 young (128000K), 8 survivors (8192K)
 Metaspace       used 126204K, committed 128512K, reserved 1179648K
  class space    used 16856K, committed 18048K, reserved 1048576K
}
Event: 3544.260 GC heap after
{Heap after GC invocations=49 (full 0):
 garbage-first heap   total 425984K, used 185114K [0x0000000080000000, 0x0000000100000000)
  region size 1024K, 18 young (18432K), 18 survivors (18432K)
 Metaspace       used 126204K, committed 128512K, reserved 1179648K
  class space    used 16856K, committed 18048K, reserved 1048576K
}
Event: 3546.335 GC heap before
{Heap before GC invocations=50 (full 0):
 garbage-first heap   total 425984K, used 408346K [0x0000000080000000, 0x0000000100000000)
  region size 1024K, 205 young (209920K), 18 survivors (18432K)
 Metaspace       used 126579K, committed 129472K, reserved 1179648K
  class space    used 16380K, committed 18048K, reserved 1048576K
}
Event: 3546.350 GC heap after
{Heap after GC invocations=51 (full 0):
 garbage-first heap   total 437248K, used 194135K [0x0000000080000000, 0x0000000100000000)
  region size 1024K, 20 young (20480K), 20 survivors (20480K)
 Metaspace       used 126579K, committed 129472K, reserved 1179648K
  class space    used 16380K, committed 18048K, reserved 1048576K
}
Event: 3554.139 GC heap before
{Heap before GC invocations=51 (full 0):
 garbage-first heap   total 437248K, used 402007K [0x0000000080000000, 0x0000000100000000)
  region size 1024K, 213 young (218112K), 20 survivors (20480K)
 Metaspace       used 140344K, committed 141632K, reserved 1179648K
  class space    used 18109K, committed 18752K, reserved 1048576K
}
Event: 3554.156 GC heap after
{Heap after GC invocations=52 (full 0):
 garbage-first heap   total 448512K, used 188673K [0x0000000080000000, 0x0000000100000000)
  region size 1024K, 23 young (23552K), 23 survivors (23552K)
 Metaspace       used 140344K, committed 141632K, reserved 1179648K
  class space    used 18109K, committed 18752K, reserved 1048576K
}
Event: 3554.209 GC heap before
{Heap before GC invocations=52 (full 0):
 garbage-first heap   total 448512K, used 198913K [0x0000000080000000, 0x0000000100000000)
  region size 1024K, 34 young (34816K), 23 survivors (23552K)
 Metaspace       used 140570K, committed 141824K, reserved 1179648K
  class space    used 18131K, committed 18752K, reserved 1048576K
}
Event: 3554.217 GC heap after
{Heap after GC invocations=53 (full 0):
 garbage-first heap   total 448512K, used 192510K [0x0000000080000000, 0x0000000100000000)
  region size 1024K, 19 young (19456K), 19 survivors (19456K)
 Metaspace       used 140570K, committed 141824K, reserved 1179648K
  class space    used 18131K, committed 18752K, reserved 1048576K
}

