# JRE version: OpenJDK Runtime Environment (21.0.5) (build 21.0.5+-13047016-b750.29)
# Java VM: OpenJDK 64-Bit Server VM (21.0.5+-13047016-b750.29, mixed mode, tiered, compressed oops, compressed class ptrs, g1 gc, windows-amd64)
GC Precious Log:
 CardTable entry size: 512
 Card Set container configuration: InlinePtr #cards 5 size 8 Array Of Cards #cards 12 size 40 Howl #buckets 4 coarsen threshold 1843 Howl Bitmap #cards 512 size 80 coarsen threshold 460 Card regions per heap region 1 cards per card region 2048
 CPUs: 12 total, 12 available
 Memory: 16181M
 Large Page Support: Disabled
 NUMA Support: Disabled
 Compressed Oops: Enabled (32-bit)
 Heap Region Size: 1M
 Heap Min Capacity: 8M
 Heap Initial Capacity: 254M
 Heap Max Capacity: 2G
 Pre-touch: Disabled
 Parallel Workers: 10
 Concurrent Workers: 3
 Concurrent Refinement Workers: 10
 Periodic GC: Disabled
Heap:
 garbage-first heap   total 433152K, used 253109K [0x0000000080000000, 0x0000000100000000)
  region size 1024K, 18 young (18432K), 18 survivors (18432K)
 Metaspace       used 178353K, committed 179968K, reserved 1245184K
  class space    used 23507K, committed 24320K, reserved 1048576K
GC Heap History (20 events):
Event: 7977.072 GC heap after
{Heap after GC invocations=79 (full 1):
 garbage-first heap   total 425984K, used 113002K [0x0000000080000000, 0x0000000100000000)
  region size 1024K, 5 young (5120K), 5 survivors (5120K)
 Metaspace       used 172062K, committed 173632K, reserved 1245184K
  class space    used 22832K, committed 23616K, reserved 1048576K
}
Event: 7984.895 GC heap before
{Heap before GC invocations=79 (full 1):
 garbage-first heap   total 425984K, used 361834K [0x0000000080000000, 0x0000000100000000)
  region size 1024K, 249 young (254976K), 5 survivors (5120K)
 Metaspace       used 172277K, committed 173824K, reserved 1245184K
  class space    used 22837K, committed 23616K, reserved 1048576K
}
Event: 7984.904 GC heap after
{Heap after GC invocations=80 (full 1):
 garbage-first heap   total 425984K, used 124472K [0x0000000080000000, 0x0000000100000000)
  region size 1024K, 17 young (17408K), 17 survivors (17408K)
 Metaspace       used 172277K, committed 173824K, reserved 1245184K
  class space    used 22837K, committed 23616K, reserved 1048576K
}
Event: 8052.163 GC heap before
{Heap before GC invocations=81 (full 1):
 garbage-first heap   total 425984K, used 361016K [0x0000000080000000, 0x0000000100000000)
  region size 1024K, 249 young (254976K), 17 survivors (17408K)
 Metaspace       used 172606K, committed 174208K, reserved 1245184K
  class space    used 22859K, committed 23680K, reserved 1048576K
}
Event: 8052.169 GC heap after
{Heap after GC invocations=82 (full 1):
 garbage-first heap   total 425984K, used 116848K [0x0000000080000000, 0x0000000100000000)
  region size 1024K, 9 young (9216K), 9 survivors (9216K)
 Metaspace       used 172606K, committed 174208K, reserved 1245184K
  class space    used 22859K, committed 23680K, reserved 1048576K
}
Event: 8053.265 GC heap before
{Heap before GC invocations=82 (full 1):
 garbage-first heap   total 425984K, used 361584K [0x0000000080000000, 0x0000000100000000)
  region size 1024K, 249 young (254976K), 9 survivors (9216K)
 Metaspace       used 176582K, committed 178176K, reserved 1245184K
  class space    used 23362K, committed 24192K, reserved 1048576K
}
Event: 8053.288 GC heap after
{Heap after GC invocations=83 (full 1):
 garbage-first heap   total 425984K, used 152961K [0x0000000080000000, 0x0000000100000000)
  region size 1024K, 32 young (32768K), 32 survivors (32768K)
 Metaspace       used 176582K, committed 178176K, reserved 1245184K
  class space    used 23362K, committed 24192K, reserved 1048576K
}
Event: 8053.567 GC heap before
{Heap before GC invocations=83 (full 1):
 garbage-first heap   total 425984K, used 365953K [0x0000000080000000, 0x0000000100000000)
  region size 1024K, 241 young (246784K), 32 survivors (32768K)
 Metaspace       used 177113K, committed 178688K, reserved 1245184K
  class space    used 23448K, committed 24256K, reserved 1048576K
}
Event: 8053.594 GC heap after
{Heap after GC invocations=84 (full 1):
 garbage-first heap   total 433152K, used 182987K [0x0000000080000000, 0x0000000100000000)
  region size 1024K, 29 young (29696K), 29 survivors (29696K)
 Metaspace       used 177113K, committed 178688K, reserved 1245184K
  class space    used 23448K, committed 24256K, reserved 1048576K
}
Event: 8053.837 GC heap before
{Heap before GC invocations=85 (full 1):
 garbage-first heap   total 433152K, used 374475K [0x0000000080000000, 0x0000000100000000)
  region size 1024K, 217 young (222208K), 29 survivors (29696K)
 Metaspace       used 177414K, committed 179008K, reserved 1245184K
  class space    used 23466K, committed 24320K, reserved 1048576K
}
Event: 8053.853 GC heap after
{Heap after GC invocations=86 (full 1):
 garbage-first heap   total 433152K, used 194580K [0x0000000080000000, 0x0000000100000000)
  region size 1024K, 12 young (12288K), 12 survivors (12288K)
 Metaspace       used 177414K, committed 179008K, reserved 1245184K
  class space    used 23466K, committed 24320K, reserved 1048576K
}
Event: 8054.029 GC heap before
{Heap before GC invocations=86 (full 1):
 garbage-first heap   total 433152K, used 381972K [0x0000000080000000, 0x0000000100000000)
  region size 1024K, 196 young (200704K), 12 survivors (12288K)
 Metaspace       used 177734K, committed 179328K, reserved 1245184K
  class space    used 23487K, committed 24320K, reserved 1048576K
}
Event: 8054.039 GC heap after
{Heap after GC invocations=87 (full 1):
 garbage-first heap   total 433152K, used 202982K [0x0000000080000000, 0x0000000100000000)
  region size 1024K, 18 young (18432K), 18 survivors (18432K)
 Metaspace       used 177734K, committed 179328K, reserved 1245184K
  class space    used 23487K, committed 24320K, reserved 1048576K
}
Event: 8054.245 GC heap before
{Heap before GC invocations=87 (full 1):
 garbage-first heap   total 433152K, used 389350K [0x0000000080000000, 0x0000000100000000)
  region size 1024K, 201 young (205824K), 18 survivors (18432K)
 Metaspace       used 177976K, committed 179584K, reserved 1245184K
  class space    used 23497K, committed 24320K, reserved 1048576K
}
Event: 8054.257 GC heap after
{Heap after GC invocations=88 (full 1):
 garbage-first heap   total 433152K, used 210749K [0x0000000080000000, 0x0000000100000000)
  region size 1024K, 16 young (16384K), 16 survivors (16384K)
 Metaspace       used 177976K, committed 179584K, reserved 1245184K
  class space    used 23497K, committed 24320K, reserved 1048576K
}
Event: 8054.543 GC heap before
{Heap before GC invocations=89 (full 1):
 garbage-first heap   total 433152K, used 390973K [0x0000000080000000, 0x0000000100000000)
  region size 1024K, 193 young (197632K), 16 survivors (16384K)
 Metaspace       used 178164K, committed 179776K, reserved 1245184K
  class space    used 23501K, committed 24320K, reserved 1048576K
}
Event: 8054.553 GC heap after
{Heap after GC invocations=90 (full 1):
 garbage-first heap   total 433152K, used 221343K [0x0000000080000000, 0x0000000100000000)
  region size 1024K, 19 young (19456K), 19 survivors (19456K)
 Metaspace       used 178164K, committed 179776K, reserved 1245184K
  class space    used 23501K, committed 24320K, reserved 1048576K
}
Event: 8054.707 GC heap before
{Heap before GC invocations=90 (full 1):
 garbage-first heap   total 433152K, used 388255K [0x0000000080000000, 0x0000000100000000)
  region size 1024K, 183 young (187392K), 19 survivors (19456K)
 Metaspace       used 178260K, committed 179904K, reserved 1245184K
  class space    used 23504K, committed 24320K, reserved 1048576K
}
Event: 8054.718 GC heap after
{Heap after GC invocations=91 (full 1):
 garbage-first heap   total 433152K, used 234968K [0x0000000080000000, 0x0000000100000000)
  region size 1024K, 19 young (19456K), 19 survivors (19456K)
 Metaspace       used 178260K, committed 179904K, reserved 1245184K
  class space    used 23504K, committed 24320K, reserved 1048576K
}
Event: 8054.830 GC heap before
{Heap before GC invocations=91 (full 1):
 garbage-first heap   total 433152K, used 387544K [0x0000000080000000, 0x0000000100000000)
  region size 1024K, 169 young (173056K), 19 survivors (19456K)
 Metaspace       used 178353K, committed 179968K, reserved 1245184K
  class space    used 23507K, committed 24320K, reserved 1048576K
}

