# JRE version: OpenJDK Runtime Environment (21.0.5) (build 21.0.5+-13047016-b750.29)
# Java VM: OpenJDK 64-Bit Server VM (21.0.5+-13047016-b750.29, mixed mode, tiered, compressed oops, compressed class ptrs, g1 gc, windows-amd64)
GC Precious Log:
 CardTable entry size: 512
 Card Set container configuration: InlinePtr #cards 5 size 8 Array Of Cards #cards 12 size 40 Howl #buckets 4 coarsen threshold 1843 Howl Bitmap #cards 512 size 80 coarsen threshold 460 Card regions per heap region 1 cards per card region 2048
 CPUs: 12 total, 12 available
 Memory: 16181M
 Large Page Support: Disabled
 NUMA Support: Disabled
 Compressed Oops: Enabled (32-bit)
 Heap Region Size: 1M
 Heap Min Capacity: 8M
 Heap Initial Capacity: 254M
 Heap Max Capacity: 2G
 Pre-touch: Disabled
 Parallel Workers: 10
 Concurrent Workers: 3
 Concurrent Refinement Workers: 10
 Periodic GC: Disabled
Heap:
 garbage-first heap   total 288768K, used 209264K [0x0000000080000000, 0x0000000100000000)
  region size 1024K, 11 young (11264K), 5 survivors (5120K)
 Metaspace       used 122708K, committed 124992K, reserved 1179648K
  class space    used 16750K, committed 17920K, reserved 1048576K
GC Heap History (20 events):
Event: 9.020 GC heap before
{Heap before GC invocations=34 (full 0):
 garbage-first heap   total 190464K, used 171367K [0x0000000080000000, 0x0000000100000000)
  region size 1024K, 76 young (77824K), 6 survivors (6144K)
 Metaspace       used 112533K, committed 114752K, reserved 1179648K
  class space    used 15458K, committed 16576K, reserved 1048576K
}
Event: 9.026 GC heap after
{Heap after GC invocations=35 (full 0):
 garbage-first heap   total 190464K, used 107746K [0x0000000080000000, 0x0000000100000000)
  region size 1024K, 10 young (10240K), 10 survivors (10240K)
 Metaspace       used 112533K, committed 114752K, reserved 1179648K
  class space    used 15458K, committed 16576K, reserved 1048576K
}
Event: 9.258 GC heap before
{Heap before GC invocations=35 (full 0):
 garbage-first heap   total 190464K, used 168162K [0x0000000080000000, 0x0000000100000000)
  region size 1024K, 70 young (71680K), 10 survivors (10240K)
 Metaspace       used 112772K, committed 115008K, reserved 1179648K
  class space    used 15505K, committed 16640K, reserved 1048576K
}
Event: 9.264 GC heap after
{Heap after GC invocations=36 (full 0):
 garbage-first heap   total 190464K, used 111756K [0x0000000080000000, 0x0000000100000000)
  region size 1024K, 6 young (6144K), 6 survivors (6144K)
 Metaspace       used 112772K, committed 115008K, reserved 1179648K
  class space    used 15505K, committed 16640K, reserved 1048576K
}
Event: 9.500 GC heap before
{Heap before GC invocations=36 (full 0):
 garbage-first heap   total 190464K, used 172172K [0x0000000080000000, 0x0000000100000000)
  region size 1024K, 66 young (67584K), 6 survivors (6144K)
 Metaspace       used 113183K, committed 115456K, reserved 1179648K
  class space    used 15568K, committed 16704K, reserved 1048576K
}
Event: 9.504 GC heap after
{Heap after GC invocations=37 (full 0):
 garbage-first heap   total 190464K, used 114867K [0x0000000080000000, 0x0000000100000000)
  region size 1024K, 9 young (9216K), 9 survivors (9216K)
 Metaspace       used 113183K, committed 115456K, reserved 1179648K
  class space    used 15568K, committed 16704K, reserved 1048576K
}
Event: 9.812 GC heap before
{Heap before GC invocations=38 (full 0):
 garbage-first heap   total 193536K, used 169139K [0x0000000080000000, 0x0000000100000000)
  region size 1024K, 63 young (64512K), 9 survivors (9216K)
 Metaspace       used 113516K, committed 115712K, reserved 1179648K
  class space    used 15604K, committed 16704K, reserved 1048576K
}
Event: 9.817 GC heap after
{Heap after GC invocations=39 (full 0):
 garbage-first heap   total 193536K, used 117477K [0x0000000080000000, 0x0000000100000000)
  region size 1024K, 6 young (6144K), 6 survivors (6144K)
 Metaspace       used 113516K, committed 115712K, reserved 1179648K
  class space    used 15604K, committed 16704K, reserved 1048576K
}
Event: 10.233 GC heap before
{Heap before GC invocations=39 (full 0):
 garbage-first heap   total 193536K, used 174821K [0x0000000080000000, 0x0000000100000000)
  region size 1024K, 63 young (64512K), 6 survivors (6144K)
 Metaspace       used 116587K, committed 118848K, reserved 1179648K
  class space    used 15994K, committed 17152K, reserved 1048576K
}
Event: 10.240 GC heap after
{Heap after GC invocations=40 (full 0):
 garbage-first heap   total 193536K, used 120341K [0x0000000080000000, 0x0000000100000000)
  region size 1024K, 7 young (7168K), 7 survivors (7168K)
 Metaspace       used 116587K, committed 118848K, reserved 1179648K
  class space    used 15994K, committed 17152K, reserved 1048576K
}
Event: 10.347 GC heap before
{Heap before GC invocations=40 (full 0):
 garbage-first heap   total 193536K, used 174613K [0x0000000080000000, 0x0000000100000000)
  region size 1024K, 61 young (62464K), 7 survivors (7168K)
 Metaspace       used 117642K, committed 119936K, reserved 1179648K
  class space    used 16150K, committed 17344K, reserved 1048576K
}
Event: 10.352 GC heap after
{Heap after GC invocations=41 (full 0):
 garbage-first heap   total 193536K, used 123084K [0x0000000080000000, 0x0000000100000000)
  region size 1024K, 6 young (6144K), 6 survivors (6144K)
 Metaspace       used 117642K, committed 119936K, reserved 1179648K
  class space    used 16150K, committed 17344K, reserved 1048576K
}
Event: 10.708 GC heap before
{Heap before GC invocations=42 (full 0):
 garbage-first heap   total 208896K, used 206028K [0x0000000080000000, 0x0000000100000000)
  region size 1024K, 54 young (55296K), 6 survivors (6144K)
 Metaspace       used 120137K, committed 122432K, reserved 1179648K
  class space    used 16374K, committed 17536K, reserved 1048576K
}
Event: 10.714 GC heap after
{Heap after GC invocations=43 (full 0):
 garbage-first heap   total 224256K, used 163258K [0x0000000080000000, 0x0000000100000000)
  region size 1024K, 7 young (7168K), 7 survivors (7168K)
 Metaspace       used 120137K, committed 122432K, reserved 1179648K
  class space    used 16374K, committed 17536K, reserved 1048576K
}
Event: 10.921 GC heap before
{Heap before GC invocations=43 (full 0):
 garbage-first heap   total 227328K, used 225722K [0x0000000080000000, 0x0000000100000000)
  region size 1024K, 34 young (34816K), 7 survivors (7168K)
 Metaspace       used 122597K, committed 124928K, reserved 1179648K
  class space    used 16739K, committed 17920K, reserved 1048576K
}
Event: 10.927 GC heap after
{Heap after GC invocations=44 (full 0):
 garbage-first heap   total 288768K, used 179519K [0x0000000080000000, 0x0000000100000000)
  region size 1024K, 4 young (4096K), 4 survivors (4096K)
 Metaspace       used 122597K, committed 124928K, reserved 1179648K
  class space    used 16739K, committed 17920K, reserved 1048576K
}
Event: 10.936 GC heap before
{Heap before GC invocations=44 (full 0):
 garbage-first heap   total 288768K, used 216383K [0x0000000080000000, 0x0000000100000000)
  region size 1024K, 15 young (15360K), 4 survivors (4096K)
 Metaspace       used 122599K, committed 124928K, reserved 1179648K
  class space    used 16739K, committed 17920K, reserved 1048576K
}
Event: 10.941 GC heap after
{Heap after GC invocations=45 (full 0):
 garbage-first heap   total 288768K, used 194573K [0x0000000080000000, 0x0000000100000000)
  region size 1024K, 8 young (8192K), 8 survivors (8192K)
 Metaspace       used 122599K, committed 124928K, reserved 1179648K
  class space    used 16739K, committed 17920K, reserved 1048576K
}
Event: 10.942 GC heap before
{Heap before GC invocations=45 (full 0):
 garbage-first heap   total 288768K, used 198669K [0x0000000080000000, 0x0000000100000000)
  region size 1024K, 9 young (9216K), 8 survivors (8192K)
 Metaspace       used 122599K, committed 124928K, reserved 1179648K
  class space    used 16739K, committed 17920K, reserved 1048576K
}
Event: 10.945 GC heap after
{Heap after GC invocations=46 (full 0):
 garbage-first heap   total 288768K, used 195952K [0x0000000080000000, 0x0000000100000000)
  region size 1024K, 5 young (5120K), 5 survivors (5120K)
 Metaspace       used 122599K, committed 124928K, reserved 1179648K
  class space    used 16739K, committed 17920K, reserved 1048576K
}

