# JRE version: OpenJDK Runtime Environment (21.0.5) (build 21.0.5+-13047016-b750.29)
# Java VM: OpenJDK 64-Bit Server VM (21.0.5+-13047016-b750.29, mixed mode, tiered, compressed oops, compressed class ptrs, g1 gc, windows-amd64)
GC Precious Log:
 CardTable entry size: 512
 Card Set container configuration: InlinePtr #cards 5 size 8 Array Of Cards #cards 12 size 40 Howl #buckets 4 coarsen threshold 1843 Howl Bitmap #cards 512 size 80 coarsen threshold 460 Card regions per heap region 1 cards per card region 2048
 CPUs: 12 total, 12 available
 Memory: 16181M
 Large Page Support: Disabled
 NUMA Support: Disabled
 Compressed Oops: Enabled (32-bit)
 Heap Region Size: 1M
 Heap Min Capacity: 8M
 Heap Initial Capacity: 254M
 Heap Max Capacity: 2G
 Pre-touch: Disabled
 Parallel Workers: 10
 Concurrent Workers: 3
 Concurrent Refinement Workers: 10
 Periodic GC: Disabled
Heap:
 garbage-first heap   total 273408K, used 199731K [0x0000000080000000, 0x0000000100000000)
  region size 1024K, 6 young (6144K), 6 survivors (6144K)
 Metaspace       used 119586K, committed 121920K, reserved 1179648K
  class space    used 16352K, committed 17536K, reserved 1048576K
GC Heap History (20 events):
Event: 8.287 GC heap after
{Heap after GC invocations=31 (full 0):
 garbage-first heap   total 167936K, used 100383K [0x0000000080000000, 0x0000000100000000)
  region size 1024K, 7 young (7168K), 7 survivors (7168K)
 Metaspace       used 104102K, committed 106304K, reserved 1179648K
  class space    used 14236K, committed 15360K, reserved 1048576K
}
Event: 8.694 GC heap before
{Heap before GC invocations=32 (full 0):
 garbage-first heap   total 168960K, used 150559K [0x0000000080000000, 0x0000000100000000)
  region size 1024K, 56 young (57344K), 7 survivors (7168K)
 Metaspace       used 108572K, committed 110720K, reserved 1179648K
  class space    used 14894K, committed 16000K, reserved 1048576K
}
Event: 8.700 GC heap after
{Heap after GC invocations=33 (full 0):
 garbage-first heap   total 168960K, used 102823K [0x0000000080000000, 0x0000000100000000)
  region size 1024K, 6 young (6144K), 6 survivors (6144K)
 Metaspace       used 108572K, committed 110720K, reserved 1179648K
  class space    used 14894K, committed 16000K, reserved 1048576K
}
Event: 9.169 GC heap before
{Heap before GC invocations=33 (full 0):
 garbage-first heap   total 168960K, used 152999K [0x0000000080000000, 0x0000000100000000)
  region size 1024K, 55 young (56320K), 6 survivors (6144K)
 Metaspace       used 112114K, committed 114368K, reserved 1179648K
  class space    used 15429K, committed 16576K, reserved 1048576K
}
Event: 9.174 GC heap after
{Heap after GC invocations=34 (full 0):
 garbage-first heap   total 168960K, used 106302K [0x0000000080000000, 0x0000000100000000)
  region size 1024K, 7 young (7168K), 7 survivors (7168K)
 Metaspace       used 112114K, committed 114368K, reserved 1179648K
  class space    used 15429K, committed 16576K, reserved 1048576K
}
Event: 9.368 GC heap before
{Heap before GC invocations=34 (full 0):
 garbage-first heap   total 168960K, used 151358K [0x0000000080000000, 0x0000000100000000)
  region size 1024K, 52 young (53248K), 7 survivors (7168K)
 Metaspace       used 112568K, committed 114880K, reserved 1179648K
  class space    used 15458K, committed 16640K, reserved 1048576K
}
Event: 9.374 GC heap after
{Heap after GC invocations=35 (full 0):
 garbage-first heap   total 168960K, used 112195K [0x0000000080000000, 0x0000000100000000)
  region size 1024K, 6 young (6144K), 6 survivors (6144K)
 Metaspace       used 112568K, committed 114880K, reserved 1179648K
  class space    used 15458K, committed 16640K, reserved 1048576K
}
Event: 9.479 GC heap before
{Heap before GC invocations=36 (full 0):
 garbage-first heap   total 188416K, used 151107K [0x0000000080000000, 0x0000000100000000)
  region size 1024K, 45 young (46080K), 6 survivors (6144K)
 Metaspace       used 112877K, committed 115072K, reserved 1179648K
  class space    used 15523K, committed 16640K, reserved 1048576K
}
Event: 9.484 GC heap after
{Heap after GC invocations=37 (full 0):
 garbage-first heap   total 226304K, used 114680K [0x0000000080000000, 0x0000000100000000)
  region size 1024K, 5 young (5120K), 5 survivors (5120K)
 Metaspace       used 112877K, committed 115072K, reserved 1179648K
  class space    used 15523K, committed 16640K, reserved 1048576K
}
Event: 9.750 GC heap before
{Heap before GC invocations=37 (full 0):
 garbage-first heap   total 226304K, used 199672K [0x0000000080000000, 0x0000000100000000)
  region size 1024K, 89 young (91136K), 5 survivors (5120K)
 Metaspace       used 113534K, committed 115776K, reserved 1179648K
  class space    used 15621K, committed 16768K, reserved 1048576K
}
Event: 9.755 GC heap after
{Heap after GC invocations=38 (full 0):
 garbage-first heap   total 226304K, used 116729K [0x0000000080000000, 0x0000000100000000)
  region size 1024K, 9 young (9216K), 9 survivors (9216K)
 Metaspace       used 113534K, committed 115776K, reserved 1179648K
  class space    used 15621K, committed 16768K, reserved 1048576K
}
Event: 9.762 GC heap before
{Heap before GC invocations=38 (full 0):
 garbage-first heap   total 226304K, used 116729K [0x0000000080000000, 0x0000000100000000)
  region size 1024K, 11 young (11264K), 9 survivors (9216K)
 Metaspace       used 113598K, committed 115840K, reserved 1179648K
  class space    used 15632K, committed 16768K, reserved 1048576K
}
Event: 9.766 GC heap after
{Heap after GC invocations=39 (full 0):
 garbage-first heap   total 226304K, used 118566K [0x0000000080000000, 0x0000000100000000)
  region size 1024K, 2 young (2048K), 2 survivors (2048K)
 Metaspace       used 113598K, committed 115840K, reserved 1179648K
  class space    used 15632K, committed 16768K, reserved 1048576K
}
Event: 9.975 GC heap before
{Heap before GC invocations=40 (full 0):
 garbage-first heap   total 226304K, used 206630K [0x0000000080000000, 0x0000000100000000)
  region size 1024K, 84 young (86016K), 2 survivors (2048K)
 Metaspace       used 115299K, committed 117568K, reserved 1179648K
  class space    used 15761K, committed 16896K, reserved 1048576K
}
Event: 9.979 GC heap after
{Heap after GC invocations=41 (full 0):
 garbage-first heap   total 226304K, used 124510K [0x0000000080000000, 0x0000000100000000)
  region size 1024K, 8 young (8192K), 8 survivors (8192K)
 Metaspace       used 115299K, committed 117568K, reserved 1179648K
  class space    used 15761K, committed 16896K, reserved 1048576K
}
Event: 10.400 GC heap before
{Heap before GC invocations=41 (full 0):
 garbage-first heap   total 226304K, used 223838K [0x0000000080000000, 0x0000000100000000)
  region size 1024K, 70 young (71680K), 8 survivors (8192K)
 Metaspace       used 119576K, committed 121856K, reserved 1179648K
  class space    used 16352K, committed 17536K, reserved 1048576K
}
Event: 10.407 GC heap after
{Heap after GC invocations=42 (full 0):
 garbage-first heap   total 245760K, used 165455K [0x0000000080000000, 0x0000000100000000)
  region size 1024K, 11 young (11264K), 11 survivors (11264K)
 Metaspace       used 119576K, committed 121856K, reserved 1179648K
  class space    used 16352K, committed 17536K, reserved 1048576K
}
Event: 10.407 GC heap before
{Heap before GC invocations=42 (full 0):
 garbage-first heap   total 245760K, used 165455K [0x0000000080000000, 0x0000000100000000)
  region size 1024K, 12 young (12288K), 11 survivors (11264K)
 Metaspace       used 119576K, committed 121856K, reserved 1179648K
  class space    used 16352K, committed 17536K, reserved 1048576K
}
Event: 10.411 GC heap after
{Heap after GC invocations=43 (full 0):
 garbage-first heap   total 245760K, used 167197K [0x0000000080000000, 0x0000000100000000)
  region size 1024K, 1 young (1024K), 1 survivors (1024K)
 Metaspace       used 119576K, committed 121856K, reserved 1179648K
  class space    used 16352K, committed 17536K, reserved 1048576K
}
Event: 10.435 GC heap before
{Heap before GC invocations=43 (full 0):
 garbage-first heap   total 257024K, used 255261K [0x0000000080000000, 0x0000000100000000)
  region size 1024K, 20 young (20480K), 1 survivors (1024K)
 Metaspace       used 119586K, committed 121920K, reserved 1179648K
  class space    used 16352K, committed 17536K, reserved 1048576K
}

